node:internal/modules/cjs/loader:1386
  throw err;
  ^

Error: Cannot find module 'C:\Users\Usuario\Documents\Emmanuel Ascendra\Otros\PaginaREACT\backend\dist\main'
    at Function._resolveFilename (node:internal/modules/cjs/loader:1383:15)
    at defaultResolveImpl (node:internal/modules/cjs/loader:1025:19)
    at resolveForCJSWithHooks (node:internal/modules/cjs/loader:1030:22)
    at Function._load (node:internal/modules/cjs/loader:1192:37)
    at TracingChannel.traceSync (node:diagnostics_channel:328:14)
    at wrapModuleLoad (node:internal/modules/cjs/loader:237:24)
    at Function.executeUserEntryPoint [as runMain] (node:internal/modules/run_main:171:5)
    at node:internal/main/run_main_module:36:49 {
  code: 'MODULE_NOT_FOUND',
  requireStack: []
}

Node.js v22.21.1
node:internal/modules/cjs/loader:1386
  throw err;
  ^

Error: Cannot find module 'C:\Users\Usuario\Documents\Emmanuel Ascendra\Otros\PaginaREACT\backend\dist\main'
    at Function._resolveFilename (node:internal/modules/cjs/loader:1383:15)
    at defaultResolveImpl (node:internal/modules/cjs/loader:1025:19)
    at resolveForCJSWithHooks (node:internal/modules/cjs/loader:1030:22)
    at Function._load (node:internal/modules/cjs/loader:1192:37)
    at TracingChannel.traceSync (node:diagnostics_channel:328:14)
    at wrapModuleLoad (node:internal/modules/cjs/loader:237:24)
    at Function.executeUserEntryPoint [as runMain] (node:internal/modules/run_main:171:5)
    at node:internal/main/run_main_module:36:49 {
  code: 'MODULE_NOT_FOUND',
  requireStack: []
}

Node.js v22.21.1
[31m[Nest] 19432  - [39m27/05/2026, 6:43:21 p. m. [31m  ERROR[39m [38;5;3m[EmailService] [39m[31mError sending email: Forbidden[39m
[31m[Nest] 19432  - [39m27/05/2026, 6:43:36 p. m. [31m  ERROR[39m [38;5;3m[EmailService] [39m[31mError sending email: Forbidden[39m
[31m[Nest] 19432  - [39m27/05/2026, 6:46:38 p. m. [31m  ERROR[39m [38;5;3m[EmailService] [39m[31mError sending email: Forbidden[39m
[31m[Nest] 5212  - [39m27/05/2026, 6:49:53 p. m. [31m  ERROR[39m [38;5;3m[EmailService] [39m[31mError sending email: Forbidden[39m
